The system is: Linux - 4.4.0-93-generic - x86_64
Determining if the include file pthread.h exists passed with the following output:
Change Dir: /tmp/tmp.rPPwDageMq/cmake-build-debug/CMakeFiles/CMakeTmp

Run Build Command:"/usr/bin/make" "cmTC_78c93/fast"
/usr/bin/make -f CMakeFiles/cmTC_78c93.dir/build.make CMakeFiles/cmTC_78c93.dir/build
make[1]: Entering directory '/tmp/tmp.rPPwDageMq/cmake-build-debug/CMakeFiles/CMakeTmp'
Building C object CMakeFiles/cmTC_78c93.dir/CheckIncludeFile.c.o
/usr/bin/gcc-7     -o CMakeFiles/cmTC_78c93.dir/CheckIncludeFile.c.o   -c /tmp/tmp.rPPwDageMq/cmake-build-debug/CMakeFiles/CMakeTmp/CheckIncludeFile.c
Linking C executable cmTC_78c93
/usr/bin/cmake -E cmake_link_script CMakeFiles/cmTC_78c93.dir/link.txt --verbose=1
/usr/bin/gcc-7       CMakeFiles/cmTC_78c93.dir/CheckIncludeFile.c.o  -o cmTC_78c93 -rdynamic 
make[1]: Leaving directory '/tmp/tmp.rPPwDageMq/cmake-build-debug/CMakeFiles/CMakeTmp'


Determining if the function pthread_create exists in the pthread passed with the following output:
Change Dir: /tmp/tmp.rPPwDageMq/cmake-build-debug/CMakeFiles/CMakeTmp

Run Build Command:"/usr/bin/make" "cmTC_2aafb/fast"
/usr/bin/make -f CMakeFiles/cmTC_2aafb.dir/build.make CMakeFiles/cmTC_2aafb.dir/build
make[1]: Entering directory '/tmp/tmp.rPPwDageMq/cmake-build-debug/CMakeFiles/CMakeTmp'
Building C object CMakeFiles/cmTC_2aafb.dir/CheckFunctionExists.c.o
/usr/bin/gcc-7    -DCHECK_FUNCTION_EXISTS=pthread_create   -o CMakeFiles/cmTC_2aafb.dir/CheckFunctionExists.c.o   -c /usr/share/cmake-3.5/Modules/CheckFunctionExists.c
Linking C executable cmTC_2aafb
/usr/bin/cmake -E cmake_link_script CMakeFiles/cmTC_2aafb.dir/link.txt --verbose=1
/usr/bin/gcc-7   -DCHECK_FUNCTION_EXISTS=pthread_create    CMakeFiles/cmTC_2aafb.dir/CheckFunctionExists.c.o  -o cmTC_2aafb -rdynamic -lpthread 
make[1]: Leaving directory '/tmp/tmp.rPPwDageMq/cmake-build-debug/CMakeFiles/CMakeTmp'


